app/build/outputs/apk/manifest-merger-debug-report.txt
-- Merging decision tree log ---
manifest
ADDED from AndroidManifest.xml:2:1
	package
		ADDED from AndroidManifest.xml:3:5
		INJECTED from AndroidManifest.xml:0:0
		INJECTED from AndroidManifest.xml:0:0
	android:versionName
		ADDED from AndroidManifest.xml:5:5
	android:versionCode
		ADDED from AndroidManifest.xml:4:5
		INJECTED from AndroidManifest.xml:0:0
		INJECTED from AndroidManifest.xml:0:0
	xmlns:android
		ADDED from AndroidManifest.xml:2:11
uses-sdk
ADDED from AndroidManifest.xml:7:5
	android:targetSdkVersion
		ADDED from AndroidManifest.xml:9:9
		INJECTED from AndroidManifest.xml:0:0
		INJECTED from AndroidManifest.xml:0:0
	android:minSdkVersion
		ADDED from AndroidManifest.xml:8:9
		INJECTED from AndroidManifest.xml:0:0
		INJECTED from AndroidManifest.xml:0:0
application
ADDED from AndroidManifest.xml:11:5
	android:label
		ADDED from AndroidManifest.xml:14:9
	android:icon
		ADDED from AndroidManifest.xml:13:9
	android:name
		ADDED from AndroidManifest.xml:12:9
meta-data#com.baidu.lbsapi.API_KEY
ADDED from AndroidManifest.xml:15:9
	android:value
		ADDED from AndroidManifest.xml:17:13
	android:name
		ADDED from AndroidManifest.xml:16:13
activity#baidumapsdk.demo.BMapApiDemoMain
ADDED from AndroidManifest.xml:19:9
	android:screenOrientation
		ADDED from AndroidManifest.xml:22:13
	android:label
		ADDED from AndroidManifest.xml:23:13
	android:configChanges
		ADDED from AndroidManifest.xml:21:13
	android:name
		ADDED from AndroidManifest.xml:20:13
intent-filter#android.intent.action.MAIN+android.intent.category.LAUNCHER
ADDED from AndroidManifest.xml:24:13
action#android.intent.action.MAIN
ADDED from AndroidManifest.xml:25:17
	android:name
		ADDED from AndroidManifest.xml:25:25
category#android.intent.category.LAUNCHER
ADDED from AndroidManifest.xml:26:17
	android:name
		ADDED from AndroidManifest.xml:26:27
activity#baidumapsdk.demo.BaseMapDemo
ADDED from AndroidManifest.xml:29:9
	android:screenOrientation
		ADDED from AndroidManifest.xml:32:13
	android:label
		ADDED from AndroidManifest.xml:33:13
	android:configChanges
		ADDED from AndroidManifest.xml:31:13
	android:name
		ADDED from AndroidManifest.xml:30:13
activity#baidumapsdk.demo.FragmentTableActivity
ADDED from AndroidManifest.xml:35:9
	android:screenOrientation
		ADDED from AndroidManifest.xml:38:13
	android:label
		ADDED from AndroidManifest.xml:39:13
	android:configChanges
		ADDED from AndroidManifest.xml:37:13
	android:name
		ADDED from AndroidManifest.xml:36:13
activity#baidumapsdk.demo.MapFragmentDemo
ADDED from AndroidManifest.xml:41:9
	android:screenOrientation
		ADDED from AndroidManifest.xml:44:13
	android:label
		ADDED from AndroidManifest.xml:45:13
	android:configChanges
		ADDED from AndroidManifest.xml:43:13
	android:name
		ADDED from AndroidManifest.xml:42:13
activity#baidumapsdk.demo.MultiMapViewDemo
ADDED from AndroidManifest.xml:47:9
	android:screenOrientation
		ADDED from AndroidManifest.xml:50:13
	android:label
		ADDED from AndroidManifest.xml:51:13
	android:configChanges
		ADDED from AndroidManifest.xml:49:13
	android:name
		ADDED from AndroidManifest.xml:48:13
activity#baidumapsdk.demo.GeometryDemo
ADDED from AndroidManifest.xml:53:9
	android:screenOrientation
		ADDED from AndroidManifest.xml:56:13
	android:label
		ADDED from AndroidManifest.xml:57:13
	android:configChanges
		ADDED from AndroidManifest.xml:55:13
	android:name
		ADDED from AndroidManifest.xml:54:13
activity#baidumapsdk.demo.LocationDemo
ADDED from AndroidManifest.xml:59:9
	android:screenOrientation
		ADDED from AndroidManifest.xml:62:13
	android:label
		ADDED from AndroidManifest.xml:63:13
	android:configChanges
		ADDED from AndroidManifest.xml:61:13
	android:name
		ADDED from AndroidManifest.xml:60:13
activity#baidumapsdk.demo.MapControlDemo
ADDED from AndroidManifest.xml:65:9
	android:screenOrientation
		ADDED from AndroidManifest.xml:68:13
	android:label
		ADDED from AndroidManifest.xml:69:13
	android:configChanges
		ADDED from AndroidManifest.xml:67:13
	android:name
		ADDED from AndroidManifest.xml:66:13
activity#baidumapsdk.demo.UISettingDemo
ADDED from AndroidManifest.xml:71:9
	android:screenOrientation
		ADDED from AndroidManifest.xml:74:13
	android:label
		ADDED from AndroidManifest.xml:75:13
	android:configChanges
		ADDED from AndroidManifest.xml:73:13
	android:name
		ADDED from AndroidManifest.xml:72:13
activity#baidumapsdk.demo.LayersDemo
ADDED from AndroidManifest.xml:77:9
	android:screenOrientation
		ADDED from AndroidManifest.xml:80:13
	android:label
		ADDED from AndroidManifest.xml:81:13
	android:configChanges
		ADDED from AndroidManifest.xml:79:13
	android:name
		ADDED from AndroidManifest.xml:78:13
activity#baidumapsdk.demo.OverlayDemo
ADDED from AndroidManifest.xml:83:9
	android:screenOrientation
		ADDED from AndroidManifest.xml:86:13
	android:label
		ADDED from AndroidManifest.xml:87:13
	android:configChanges
		ADDED from AndroidManifest.xml:85:13
	android:name
		ADDED from AndroidManifest.xml:84:13
activity#baidumapsdk.demo.OfflineDemo
ADDED from AndroidManifest.xml:89:9
	android:screenOrientation
		ADDED from AndroidManifest.xml:92:13
	android:label
		ADDED from AndroidManifest.xml:93:13
	android:configChanges
		ADDED from AndroidManifest.xml:91:13
	android:name
		ADDED from AndroidManifest.xml:90:13
activity#baidumapsdk.demo.PoiSearchDemo
ADDED from AndroidManifest.xml:95:9
	android:screenOrientation
		ADDED from AndroidManifest.xml:98:13
	android:label
		ADDED from AndroidManifest.xml:99:13
	android:configChanges
		ADDED from AndroidManifest.xml:97:13
	android:name
		ADDED from AndroidManifest.xml:96:13
activity#baidumapsdk.demo.RoutePlanDemo
ADDED from AndroidManifest.xml:101:9
	android:screenOrientation
		ADDED from AndroidManifest.xml:104:13
	android:label
		ADDED from AndroidManifest.xml:105:13
	android:configChanges
		ADDED from AndroidManifest.xml:103:13
	android:name
		ADDED from AndroidManifest.xml:102:13
activity#baidumapsdk.demo.GeoCoderDemo
ADDED from AndroidManifest.xml:107:9
	android:screenOrientation
		ADDED from AndroidManifest.xml:110:13
	android:label
		ADDED from AndroidManifest.xml:111:13
	android:configChanges
		ADDED from AndroidManifest.xml:109:13
	android:name
		ADDED from AndroidManifest.xml:108:13
activity#baidumapsdk.demo.BusLineSearchDemo
ADDED from AndroidManifest.xml:113:9
	android:screenOrientation
		ADDED from AndroidManifest.xml:116:13
	android:label
		ADDED from AndroidManifest.xml:117:13
	android:configChanges
		ADDED from AndroidManifest.xml:115:13
	android:name
		ADDED from AndroidManifest.xml:114:13
activity#baidumapsdk.demo.HeatMapDemo
ADDED from AndroidManifest.xml:119:9
	android:screenOrientation
		ADDED from AndroidManifest.xml:122:13
	android:label
		ADDED from AndroidManifest.xml:123:13
	android:configChanges
		ADDED from AndroidManifest.xml:121:13
	android:name
		ADDED from AndroidManifest.xml:120:13
activity#baidumapsdk.demo.ShareDemo
ADDED from AndroidManifest.xml:125:9
	android:screenOrientation
		ADDED from AndroidManifest.xml:128:13
	android:label
		ADDED from AndroidManifest.xml:129:13
	android:configChanges
		ADDED from AndroidManifest.xml:127:13
	android:name
		ADDED from AndroidManifest.xml:126:13
activity#baidumapsdk.demo.ShareDemoActivity
ADDED from AndroidManifest.xml:131:9
	android:screenOrientation
		ADDED from AndroidManifest.xml:134:13
	android:label
		ADDED from AndroidManifest.xml:135:13
	android:configChanges
		ADDED from AndroidManifest.xml:133:13
	android:name
		ADDED from AndroidManifest.xml:132:13
activity#baidumapsdk.demo.NaviDemo
ADDED from AndroidManifest.xml:137:9
	android:screenOrientation
		ADDED from AndroidManifest.xml:140:13
	android:label
		ADDED from AndroidManifest.xml:141:13
	android:configChanges
		ADDED from AndroidManifest.xml:139:13
	android:name
		ADDED from AndroidManifest.xml:138:13
activity#baidumapsdk.demo.CloudSearchActivity
ADDED from AndroidManifest.xml:143:9
	android:screenOrientation
		ADDED from AndroidManifest.xml:146:13
	android:label
		ADDED from AndroidManifest.xml:147:13
	android:configChanges
		ADDED from AndroidManifest.xml:145:13
	android:name
		ADDED from AndroidManifest.xml:144:13
activity#baidumapsdk.demo.CloudSearchDemo
ADDED from AndroidManifest.xml:149:9
	android:screenOrientation
		ADDED from AndroidManifest.xml:152:13
	android:label
		ADDED from AndroidManifest.xml:153:13
	android:configChanges
		ADDED from AndroidManifest.xml:151:13
	android:name
		ADDED from AndroidManifest.xml:150:13
activity#baidumapsdk.demo.OpenglDemo
ADDED from AndroidManifest.xml:155:9
	android:screenOrientation
		ADDED from AndroidManifest.xml:158:13
	android:label
		ADDED from AndroidManifest.xml:159:13
	android:configChanges
		ADDED from AndroidManifest.xml:157:13
	android:name
		ADDED from AndroidManifest.xml:156:13
service#com.baidu.location.f
ADDED from AndroidManifest.xml:161:9
	android:enabled
		ADDED from AndroidManifest.xml:163:13
	android:process
		ADDED from AndroidManifest.xml:164:13
	android:name
		ADDED from AndroidManifest.xml:162:13
uses-permission#android.permission.BAIDU_LOCATION_SERVICE
ADDED from AndroidManifest.xml:168:5
	android:name
		ADDED from AndroidManifest.xml:168:22
uses-permission#android.permission.ACCESS_NETWORK_STATE
ADDED from AndroidManifest.xml:170:5
	android:name
		ADDED from AndroidManifest.xml:170:22
uses-permission#android.permission.ACCESS_COARSE_LOCATION
ADDED from AndroidManifest.xml:172:5
	android:name
		ADDED from AndroidManifest.xml:172:22
uses-permission#android.permission.INTERNET
ADDED from AndroidManifest.xml:174:5
	android:name
		ADDED from AndroidManifest.xml:174:22
uses-permission#android.permission.ACCESS_MOCK_LOCATION
ADDED from AndroidManifest.xml:176:5
	android:name
		ADDED from AndroidManifest.xml:176:22
uses-permission#android.permission.ACCESS_FINE_LOCATION
ADDED from AndroidManifest.xml:179:5
	android:name
		ADDED from AndroidManifest.xml:179:22
uses-permission#com.android.launcher.permission.READ_SETTINGS
ADDED from AndroidManifest.xml:181:5
	android:name
		ADDED from AndroidManifest.xml:181:22
uses-permission#android.permission.WAKE_LOCK
ADDED from AndroidManifest.xml:182:5
	android:name
		ADDED from AndroidManifest.xml:182:22
uses-permission#android.permission.CHANGE_WIFI_STATE
ADDED from AndroidManifest.xml:184:5
	android:name
		ADDED from AndroidManifest.xml:184:22
uses-permission#android.permission.ACCESS_WIFI_STATE
ADDED from AndroidManifest.xml:185:5
	android:name
		ADDED from AndroidManifest.xml:185:22
uses-permission#android.permission.ACCESS_GPS
ADDED from AndroidManifest.xml:186:5
	android:name
		ADDED from AndroidManifest.xml:186:22
uses-permission#android.permission.READ_PHONE_STATE
ADDED from AndroidManifest.xml:187:5
	android:name
		ADDED from AndroidManifest.xml:187:22
uses-permission#android.permission.READ_CONTACTS
ADDED from AndroidManifest.xml:188:5
	android:name
		ADDED from AndroidManifest.xml:188:22
uses-permission#android.permission.CALL_PHONE
ADDED from AndroidManifest.xml:189:5
	android:name
		ADDED from AndroidManifest.xml:189:22
uses-permission#android.permission.READ_SMS
ADDED from AndroidManifest.xml:190:5
	android:name
		ADDED from AndroidManifest.xml:190:22
uses-permission#android.permission.SEND_SMS
ADDED from AndroidManifest.xml:191:5
	android:name
		ADDED from AndroidManifest.xml:191:22
uses-permission#android.permission.GET_TASKS
ADDED from AndroidManifest.xml:193:5
	android:name
		ADDED from AndroidManifest.xml:193:22
uses-permission#android.permission.CAMERA
ADDED from AndroidManifest.xml:194:5
	android:name
		ADDED from AndroidManifest.xml:194:22
uses-permission#android.permission.RECORD_AUDIO
ADDED from AndroidManifest.xml:196:5
	android:name
		ADDED from AndroidManifest.xml:196:22
uses-permission#android.permission.WRITE_EXTERNAL_STORAGE
ADDED from AndroidManifest.xml:198:5
	android:name
		ADDED from AndroidManifest.xml:198:22
uses-permission#android.permission.RECEIVE_BOOT_COMPLETED
ADDED from AndroidManifest.xml:200:5
	android:name
		ADDED from AndroidManifest.xml:200:22
uses-permission#android.permission.BROADCAST_STICKY
ADDED from AndroidManifest.xml:201:5
	android:name
		ADDED from AndroidManifest.xml:201:22
uses-permission#android.permission.WRITE_SETTINGS
ADDED from AndroidManifest.xml:202:5
	android:name
		ADDED from AndroidManifest.xml:202:22
uses-permission#android.permission.PROCESS_OUTGOING_CALLS
ADDED from AndroidManifest.xml:204:5
	android:name
		ADDED from AndroidManifest.xml:204:22
uses-permission#android.permission.MODIFY_AUDIO_SETTINGS
ADDED from AndroidManifest.xml:207:5
	android:name
		ADDED from AndroidManifest.xml:207:22
supports-screens
ADDED from AndroidManifest.xml:209:5
	android:largeScreens
		ADDED from AndroidManifest.xml:211:9
	android:smallScreens
		ADDED from AndroidManifest.xml:214:9
	android:normalScreens
		ADDED from AndroidManifest.xml:212:9
	android:resizeable
		ADDED from AndroidManifest.xml:213:9
	android:anyDensity
		ADDED from AndroidManifest.xml:210:9